\BOOKMARK [1][-]{section.1}{Introduction}{}% 1
\BOOKMARK [1][-]{section.2}{Methods}{}% 2
\BOOKMARK [2][-]{subsection.2.1}{Preliminaries}{section.2}% 3
\BOOKMARK [2][-]{subsection.2.2}{Training}{section.2}% 4
\BOOKMARK [2][-]{subsection.2.3}{Fixed Point}{section.2}% 5
\BOOKMARK [1][-]{section.3}{Dynamics are low dimensional}{}% 6
\BOOKMARK [2][-]{subsection.3.1}{PCA}{section.3}% 7
\BOOKMARK [2][-]{subsection.3.2}{Projections}{section.3}% 8
\BOOKMARK [2][-]{subsection.3.3}{Fixed Points}{section.3}% 9
\BOOKMARK [2][-]{subsection.3.4}{Linearization}{section.3}% 10
\BOOKMARK [1][-]{section.4}{Discussion}{}% 11
\BOOKMARK [2][-]{subsection.4.1}{2 layers GRU}{section.4}% 12
\BOOKMARK [2][-]{subsection.4.2}{4 layers GRU}{section.4}% 13
\BOOKMARK [2][-]{subsection.4.3}{3 layers GRU with embedding of 50 dimensions}{section.4}% 14
\BOOKMARK [1][-]{section.5}{Futur direction}{}% 15
\BOOKMARK [1][-]{section.6}{Conclusion}{}% 16
\BOOKMARK [2][-]{subsection.Alph0.1}{Performances}{section.6}% 17
\BOOKMARK [2][-]{subsection.Alph0.2}{2 layers}{section.6}% 18
\BOOKMARK [2][-]{subsection.Alph0.3}{3 layers - Embedding of 50 dimension}{section.6}% 19
\BOOKMARK [2][-]{subsection.Alph0.4}{4 layers}{section.6}% 20
